# JRE version: Java(TM) SE Runtime Environment (8.0_161-b12) (build 1.8.0_161-b12)
# Java VM: Java HotSpot(TM) 64-Bit Server VM (25.161-b12 mixed mode linux-amd64 compressed oops)
Heap:
 PSYoungGen      total 635904K, used 67631K [0x00000000d7180000, 0x0000000100000000, 0x0000000100000000)
  eden space 633856K, 10% used [0x00000000d7180000,0x00000000db203f88,0x00000000fdc80000)
  from space 2048K, 76% used [0x00000000fdc80000,0x00000000fde08000,0x00000000fde80000)
  to   space 2048K, 0% used [0x00000000ffe00000,0x00000000ffe00000,0x0000000100000000)
 ParOldGen       total 84992K, used 24662K [0x0000000085400000, 0x000000008a700000, 0x00000000d7180000)
  object space 84992K, 29% used [0x0000000085400000,0x0000000086c15a30,0x000000008a700000)
 Metaspace       used 7088K, capacity 7270K, committed 7552K, reserved 1056768K
  class space    used 748K, capacity 829K, committed 896K, reserved 1048576K
GC Heap History (10 events):
Event: 11.822 GC heap before
{Heap before GC invocations=67 (full 0):
 PSYoungGen      total 285696K, used 285696K [0x00000000d7180000, 0x00000000fe180000, 0x0000000100000000)
  eden space 285184K, 100% used [0x00000000d7180000,0x00000000e8800000,0x00000000e8800000)
  from space 512K, 100% used [0x00000000fe100000,0x00000000fe180000,0x00000000fe180000)
  to   space 1536K, 0% used [0x00000000fde80000,0x00000000fde80000,0x00000000fe000000)
 ParOldGen       total 84992K, used 19529K [0x0000000085400000, 0x000000008a700000, 0x00000000d7180000)
  object space 84992K, 22% used [0x0000000085400000,0x0000000086712568,0x000000008a700000)
 Metaspace       used 3371K, capacity 4716K, committed 4864K, reserved 1056768K
  class space    used 339K, capacity 424K, committed 512K, reserved 1048576K
Event: 11.823 GC heap after
Heap after GC invocations=67 (full 0):
 PSYoungGen      total 344064K, used 896K [0x00000000d7180000, 0x00000000fe180000, 0x0000000100000000)
  eden space 342528K, 0% used [0x00000000d7180000,0x00000000d7180000,0x00000000ec000000)
  from space 1536K, 58% used [0x00000000fde80000,0x00000000fdf60000,0x00000000fe000000)
  to   space 1536K, 0% used [0x00000000fe000000,0x00000000fe000000,0x00000000fe180000)
 ParOldGen       total 84992K, used 20025K [0x0000000085400000, 0x000000008a700000, 0x00000000d7180000)
  object space 84992K, 23% used [0x0000000085400000,0x000000008678e568,0x000000008a700000)
 Metaspace       used 3371K, capacity 4716K, committed 4864K, reserved 1056768K
  class space    used 339K, capacity 424K, committed 512K, reserved 1048576K
}
Event: 12.056 GC heap before
{Heap before GC invocations=68 (full 0):
 PSYoungGen      total 344064K, used 343424K [0x00000000d7180000, 0x00000000fe180000, 0x0000000100000000)
  eden space 342528K, 100% used [0x00000000d7180000,0x00000000ec000000,0x00000000ec000000)
  from space 1536K, 58% used [0x00000000fde80000,0x00000000fdf60000,0x00000000fe000000)
  to   space 1536K, 0% used [0x00000000fe000000,0x00000000fe000000,0x00000000fe180000)
 ParOldGen       total 84992K, used 20025K [0x0000000085400000, 0x000000008a700000, 0x00000000d7180000)
  object space 84992K, 23% used [0x0000000085400000,0x000000008678e568,0x000000008a700000)
 Metaspace       used 3371K, capacity 4716K, committed 4864K, reserved 1056768K
  class space    used 339K, capacity 424K, committed 512K, reserved 1048576K
Event: 12.059 GC heap after
Heap after GC invocations=68 (full 0):
 PSYoungGen      total 412672K, used 1435K [0x00000000d7180000, 0x00000000fe180000, 0x0000000100000000)
  eden space 411136K, 0% used [0x00000000d7180000,0x00000000d7180000,0x00000000f0300000)
  from space 1536K, 93% used [0x00000000fe000000,0x00000000fe166e18,0x00000000fe180000)
  to   space 2048K, 0% used [0x00000000fdd80000,0x00000000fdd80000,0x00000000fdf80000)
 ParOldGen       total 84992K, used 20873K [0x0000000085400000, 0x000000008a700000, 0x00000000d7180000)
  object space 84992K, 24% used [0x0000000085400000,0x0000000086862568,0x000000008a700000)
 Metaspace       used 3371K, capacity 4716K, committed 4864K, reserved 1056768K
  class space    used 339K, capacity 424K, committed 512K, reserved 1048576K
}
Event: 12.334 GC heap before
{Heap before GC invocations=69 (full 0):
 PSYoungGen      total 412672K, used 412571K [0x00000000d7180000, 0x00000000fe180000, 0x0000000100000000)
  eden space 411136K, 100% used [0x00000000d7180000,0x00000000f0300000,0x00000000f0300000)
  from space 1536K, 93% used [0x00000000fe000000,0x00000000fe166e18,0x00000000fe180000)
  to   space 2048K, 0% used [0x00000000fdd80000,0x00000000fdd80000,0x00000000fdf80000)
 ParOldGen       total 84992K, used 20873K [0x0000000085400000, 0x000000008a700000, 0x00000000d7180000)
  object space 84992K, 24% used [0x0000000085400000,0x0000000086862568,0x000000008a700000)
 Metaspace       used 3371K, capacity 4716K, committed 4864K, reserved 1056768K
  class space    used 339K, capacity 424K, committed 512K, reserved 1048576K
Event: 12.337 GC heap after
Heap after GC invocations=69 (full 0):
 PSYoungGen      total 495104K, used 1248K [0x00000000d7180000, 0x00000000fe080000, 0x0000000100000000)
  eden space 493568K, 0% used [0x00000000d7180000,0x00000000d7180000,0x00000000f5380000)
  from space 1536K, 81% used [0x00000000fdd80000,0x00000000fdeb8000,0x00000000fdf00000)
  to   space 1536K, 0% used [0x00000000fdf00000,0x00000000fdf00000,0x00000000fe080000)
 ParOldGen       total 84992K, used 22276K [0x0000000085400000, 0x000000008a700000, 0x00000000d7180000)
  object space 84992K, 26% used [0x0000000085400000,0x00000000869c1380,0x000000008a700000)
 Metaspace       used 3371K, capacity 4716K, committed 4864K, reserved 1056768K
  class space    used 339K, capacity 424K, committed 512K, reserved 1048576K
}
Event: 12.712 GC heap before
{Heap before GC invocations=70 (full 0):
 PSYoungGen      total 495104K, used 494816K [0x00000000d7180000, 0x00000000fe080000, 0x0000000100000000)
  eden space 493568K, 100% used [0x00000000d7180000,0x00000000f5380000,0x00000000f5380000)
  from space 1536K, 81% used [0x00000000fdd80000,0x00000000fdeb8000,0x00000000fdf00000)
  to   space 1536K, 0% used [0x00000000fdf00000,0x00000000fdf00000,0x00000000fe080000)
 ParOldGen       total 84992K, used 22276K [0x0000000085400000, 0x000000008a700000, 0x00000000d7180000)
  object space 84992K, 26% used [0x0000000085400000,0x00000000869c1380,0x000000008a700000)
 Metaspace       used 3371K, capacity 4716K, committed 4864K, reserved 1056768K
  class space    used 339K, capacity 424K, committed 512K, reserved 1048576K
Event: 12.716 GC heap after
Heap after GC invocations=70 (full 0):
 PSYoungGen      total 593920K, used 1216K [0x00000000d7180000, 0x00000000fe080000, 0x0000000100000000)
  eden space 592384K, 0% used [0x00000000d7180000,0x00000000d7180000,0x00000000fb400000)
  from space 1536K, 79% used [0x00000000fdf00000,0x00000000fe030000,0x00000000fe080000)
  to   space 2048K, 0% used [0x00000000fdc80000,0x00000000fdc80000,0x00000000fde80000)
 ParOldGen       total 84992K, used 23513K [0x0000000085400000, 0x000000008a700000, 0x00000000d7180000)
  object space 84992K, 27% used [0x0000000085400000,0x0000000086af66d8,0x000000008a700000)
 Metaspace       used 3371K, capacity 4716K, committed 4864K, reserved 1056768K
  class space    used 339K, capacity 424K, committed 512K, reserved 1048576K
}
Event: 13.186 GC heap before
{Heap before GC invocations=71 (full 0):
 PSYoungGen      total 593920K, used 593600K [0x00000000d7180000, 0x00000000fe080000, 0x0000000100000000)
  eden space 592384K, 100% used [0x00000000d7180000,0x00000000fb400000,0x00000000fb400000)
  from space 1536K, 79% used [0x00000000fdf00000,0x00000000fe030000,0x00000000fe080000)
  to   space 2048K, 0% used [0x00000000fdc80000,0x00000000fdc80000,0x00000000fde80000)
 ParOldGen       total 84992K, used 23513K [0x0000000085400000, 0x000000008a700000, 0x00000000d7180000)
  object space 84992K, 27% used [0x0000000085400000,0x0000000086af66d8,0x000000008a700000)
 Metaspace       used 3371K, capacity 4716K, committed 4864K, reserved 1056768K
  class space    used 339K, capacity 424K, committed 512K, reserved 1048576K
Event: 13.190 GC heap after
Heap after GC invocations=71 (full 0):
 PSYoungGen      total 635904K, used 1568K [0x00000000d7180000, 0x0000000100000000, 0x0000000100000000)
  eden space 633856K, 0% used [0x00000000d7180000,0x00000000d7180000,0x00000000fdc80000)
  from space 2048K, 76% used [0x00000000fdc80000,0x00000000fde08000,0x00000000fde80000)
  to   space 2048K, 0% used [0x00000000ffe00000,0x00000000ffe00000,0x0000000100000000)
 ParOldGen       total 84992K, used 24662K [0x0000000085400000, 0x000000008a700000, 0x00000000d7180000)
  object space 84992K, 29% used [0x0000000085400000,0x0000000086c15a30,0x000000008a700000)
 Metaspace       used 3371K, capacity 4716K, committed 4864K, reserved 1056768K
  class space    used 339K, capacity 424K, committed 512K, reserved 1048576K
}

